  DataProcessing.c
  gpio.c
  adc.c
  can.c
  dma.c
  i2c.c
  sys.c
  tim.c
  usart.c
  stm32f1xx_it.c
  stm32f1xx_hal_msp.c
  main.c
  system_stm32f1xx.c
  stm32f1xx_hal.c
  stm32f1xx_hal_adc.c
  stm32f1xx_hal_adc_ex.c
  stm32f1xx_hal_exti.c
  stm32f1xx_hal_uart.c
  stm32f1xx_hal_pwr.c
  stm32f1xx_hal_flash.c
  stm32f1xx_hal_flash_ex.c
  stm32f1xx_hal_gpio.c
  stm32f1xx_hal_can.c
  stm32f1xx_hal_rcc.c
  stm32f1xx_hal_rcc_ex.c
  stm32f1xx_hal_cortex.c
  stm32f1xx_hal_dma.c
  stm32f1xx_hal_tim.c
  stm32f1xx_hal_tim_ex.c
  stm32f1xx_hal_i2c.c
  startup_stm32f103xb.c
  stm32f1xx_hal_gpio_ex.c
  FastSemihosting.cpp
  SamplingProfiler.cpp
  InstrumentingProfiler.cpp
  TestResourceManager.cpp
  ProfilerRTOS_FreeRTOS.c
  C:\Users\Main\AppData\Local\Temp\ccSuNBDQ.s: Assembler messages:
  C:\Users\Main\AppData\Local\Temp\ccSuNBDQ.s:3474: use of r13 is deprecated
  Linking VisualGDB/Debug/Control...
  ------------------- Memory utilization report -------------------
  Used FLASH: 34KB out of 64KB (54%)
  Used SRAM: 608 bytes out of 20KB (2%)
